Copyright 1986-2018 Xilinx, Inc. All Rights Reserved.
--------------------------------------------------------------------------------------
| Tool Version : Vivado v.2018.3 (win64) Build 2405991 Thu Dec  6 23:38:27 MST 2018
| Date         : Fri Jul 31 15:10:00 2020
| Host         : LAPTOP-O088UPLU running 64-bit major release  (build 9200)
| Command      : report_control_sets -verbose -file code_lock_control_sets_placed.rpt
| Design       : code_lock
| Device       : xc7s15
--------------------------------------------------------------------------------------

Control Set Information

Table of Contents
-----------------
1. Summary
2. Histogram
3. Flip-Flop Distribution
4. Detailed Control Set Information

1. Summary
----------

+----------------------------------------------------------+-------+
|                          Status                          | Count |
+----------------------------------------------------------+-------+
| Number of unique control sets                            |     2 |
| Unused register locations in slices containing registers |     2 |
+----------------------------------------------------------+-------+


2. Histogram
------------

+--------+--------------+
| Fanout | Control Sets |
+--------+--------------+
|      7 |            2 |
+--------+--------------+


3. Flip-Flop Distribution
-------------------------

+--------------+-----------------------+------------------------+-----------------+--------------+
| Clock Enable | Synchronous Set/Reset | Asynchronous Set/Reset | Total Registers | Total Slices |
+--------------+-----------------------+------------------------+-----------------+--------------+
| No           | No                    | No                     |               0 |            0 |
| No           | No                    | Yes                    |               7 |            1 |
| No           | Yes                   | No                     |               7 |            2 |
| Yes          | No                    | No                     |               0 |            0 |
| Yes          | No                    | Yes                    |               0 |            0 |
| Yes          | Yes                   | No                     |               0 |            0 |
+--------------+-----------------------+------------------------+-----------------+--------------+


4. Detailed Control Set Information
-----------------------------------

+----------------+---------------+-------------------------------------+------------------+----------------+
|  Clock Signal  | Enable Signal |           Set/Reset Signal          | Slice Load Count | Bel Load Count |
+----------------+---------------+-------------------------------------+------------------+----------------+
|  clk_IBUF_BUFG |               | FSM_onehot_State_Current[6]_i_1_n_0 |                1 |              7 |
| ~All_key       |               | FSM_onehot_State_Current[6]_i_1_n_0 |                2 |              7 |
+----------------+---------------+-------------------------------------+------------------+----------------+


